INFO: [VRFC 10-2263] Analyzing Verilog file "/home/rootie/Documents/comp-arc/shell_imp/shell_imp.sim/sim_1/synth/timing/xsim/cpu_ctrl_tb_time_synth.v" into library xil_defaultlib
INFO: [VRFC 10-311] analyzing module CPU_imp_1IDDXJS
INFO: [VRFC 10-311] analyzing module design_1
INFO: [VRFC 10-311] analyzing module design_1_ALU_0_0
INFO: [VRFC 10-311] analyzing module design_1_ALU_0_0_ALU
INFO: [VRFC 10-311] analyzing module design_1_ALU_CTRL_0_0
INFO: [VRFC 10-311] analyzing module design_1_ALU_CTRL_0_0_ALU_CTRL
INFO: [VRFC 10-311] analyzing module design_1_CTRL_UNIT_0_0
INFO: [VRFC 10-311] analyzing module design_1_adder_0_0
INFO: [VRFC 10-311] analyzing module design_1_adder_0_0_adder
INFO: [VRFC 10-311] analyzing module design_1_adder_1_0
INFO: [VRFC 10-311] analyzing module design_1_adder_1_0_adder
INFO: [VRFC 10-311] analyzing module design_1_alu_input_mux_0_0
INFO: [VRFC 10-311] analyzing module design_1_alu_input_mux_0_0_alu_input_mux
INFO: [VRFC 10-311] analyzing module design_1_cmp_status_reg_0_0
INFO: [VRFC 10-311] analyzing module design_1_cmp_status_reg_0_0_cmp_status_reg
INFO: [VRFC 10-311] analyzing module design_1_data_mem_0_0
INFO: [VRFC 10-311] analyzing module design_1_data_mem_0_0_data_mem
INFO: [VRFC 10-311] analyzing module design_1_imm_ext_0_0
INFO: [VRFC 10-311] analyzing module design_1_pc_load_mux_0_0
INFO: [VRFC 10-311] analyzing module design_1_pc_load_mux_0_0_pc_load_mux
INFO: [VRFC 10-311] analyzing module design_1_prog_cnt_reg_0_0
INFO: [VRFC 10-311] analyzing module design_1_prog_cnt_reg_0_0_prog_cnt_reg
INFO: [VRFC 10-311] analyzing module design_1_prog_mem_0_0
INFO: [VRFC 10-311] analyzing module design_1_reg_file_0_0
INFO: [VRFC 10-311] analyzing module design_1_reg_file_0_0_reg_file
INFO: [VRFC 10-311] analyzing module design_1_reg_file_input_mux_0_0
INFO: [VRFC 10-311] analyzing module design_1_reg_file_input_mux_0_0_reg_file_input_mux
INFO: [VRFC 10-311] analyzing module design_1_ri_imm_ext_0_0
INFO: [VRFC 10-311] analyzing module design_1_ri_imm_format_mux_0_0
INFO: [VRFC 10-311] analyzing module design_1_ri_imm_format_mux_0_0_ri_imm_format_mux
INFO: [VRFC 10-311] analyzing module design_1_ri_imm_upper_concat_0_0
INFO: [VRFC 10-311] analyzing module design_1_stack_ptr_reg_0_0
INFO: [VRFC 10-311] analyzing module design_1_stack_ptr_reg_0_0_stack_ptr_reg
INFO: [VRFC 10-311] analyzing module design_1_wrapper
INFO: [VRFC 10-311] analyzing module design_1_xlconstant_0_0
INFO: [VRFC 10-311] analyzing module memory_imp_1RJ1PXL
INFO: [VRFC 10-311] analyzing module glbl
