
*** Running vivado
    with args -log design_1_prog_mem_0_0.vds -m64 -tempDir /home/rootie/.vivado -product Vivado -mode batch -messageDb vivado.pb -notrace -source design_1_prog_mem_0_0.tcl


****** Vivado v2018.3 (64-bit)
  **** SW Build 2405991 on Thu Dec  6 23:36:41 MST 2018
  **** IP Build 2404404 on Fri Dec  7 01:43:56 MST 2018
    ** Copyright 1986-2018 Xilinx, Inc. All Rights Reserved.

source design_1_prog_mem_0_0.tcl -notrace
INFO: [IP_Flow 19-234] Refreshing IP repositories
INFO: [IP_Flow 19-1700] Loaded user IP repository '/home/rootie/Documents/projects/myip'.
INFO: [IP_Flow 19-2313] Loaded Vivado IP repository '/tools/Xilinx/Vivado/2018.3/data/ip'.
Command: synth_design -top design_1_prog_mem_0_0 -part xc7a100tcsg324-1 -mode out_of_context
Starting synth_design
Attempting to get a license for feature 'Synthesis' and/or device 'xc7a100t'
INFO: [Common 17-349] Got license for feature 'Synthesis' and/or device 'xc7a100t'
INFO: Launching helper process for spawning children vivado processes
INFO: Helper process launched with PID 15300 
---------------------------------------------------------------------------------
Starting Synthesize : Time (s): cpu = 00:00:03 ; elapsed = 00:00:05 . Memory (MB): peak = 1397.785 ; gain = 43.781 ; free physical = 2865 ; free virtual = 19728
---------------------------------------------------------------------------------
INFO: [Synth 8-638] synthesizing module 'design_1_prog_mem_0_0' [/home/rootie/Documents/comp-arc/shell_imp/shell_imp.srcs/sources_1/bd/design_1/ip/design_1_prog_mem_0_0/synth/design_1_prog_mem_0_0.vhd:67]
INFO: [Synth 8-3491] module 'prog_mem' declared at '/home/rootie/Documents/comp-arc/shell_imp/shell_imp.srcs/sources_1/new/prog_mem.vhd:36' bound to instance 'U0' of component 'prog_mem' [/home/rootie/Documents/comp-arc/shell_imp/shell_imp.srcs/sources_1/bd/design_1/ip/design_1_prog_mem_0_0/synth/design_1_prog_mem_0_0.vhd:93]
INFO: [Synth 8-638] synthesizing module 'prog_mem' [/home/rootie/Documents/comp-arc/shell_imp/shell_imp.srcs/sources_1/new/prog_mem.vhd:47]
INFO: [Synth 8-256] done synthesizing module 'prog_mem' (1#1) [/home/rootie/Documents/comp-arc/shell_imp/shell_imp.srcs/sources_1/new/prog_mem.vhd:47]
INFO: [Synth 8-256] done synthesizing module 'design_1_prog_mem_0_0' (2#1) [/home/rootie/Documents/comp-arc/shell_imp/shell_imp.srcs/sources_1/bd/design_1/ip/design_1_prog_mem_0_0/synth/design_1_prog_mem_0_0.vhd:67]
WARNING: [Synth 8-3331] design prog_mem has unconnected port ins_addr[15]
WARNING: [Synth 8-3331] design prog_mem has unconnected port ins_addr[14]
WARNING: [Synth 8-3331] design prog_mem has unconnected port ins_addr[13]
WARNING: [Synth 8-3331] design prog_mem has unconnected port ins_addr[12]
WARNING: [Synth 8-3331] design prog_mem has unconnected port ins_addr[11]
WARNING: [Synth 8-3331] design prog_mem has unconnected port ins_addr[10]
WARNING: [Synth 8-3331] design prog_mem has unconnected port prog_addr[15]
WARNING: [Synth 8-3331] design prog_mem has unconnected port prog_addr[14]
WARNING: [Synth 8-3331] design prog_mem has unconnected port prog_addr[13]
WARNING: [Synth 8-3331] design prog_mem has unconnected port prog_addr[12]
WARNING: [Synth 8-3331] design prog_mem has unconnected port prog_addr[11]
WARNING: [Synth 8-3331] design prog_mem has unconnected port prog_addr[10]
---------------------------------------------------------------------------------
Finished Synthesize : Time (s): cpu = 00:00:03 ; elapsed = 00:00:06 . Memory (MB): peak = 1443.535 ; gain = 89.531 ; free physical = 2795 ; free virtual = 19659
---------------------------------------------------------------------------------
---------------------------------------------------------------------------------
Finished Constraint Validation : Time (s): cpu = 00:00:04 ; elapsed = 00:00:06 . Memory (MB): peak = 1443.535 ; gain = 89.531 ; free physical = 2783 ; free virtual = 19648
---------------------------------------------------------------------------------
---------------------------------------------------------------------------------
Start Loading Part and Timing Information
---------------------------------------------------------------------------------
Loading part: xc7a100tcsg324-1
INFO: [Device 21-403] Loading part xc7a100tcsg324-1
---------------------------------------------------------------------------------
Finished Loading Part and Timing Information : Time (s): cpu = 00:00:04 ; elapsed = 00:00:06 . Memory (MB): peak = 1443.535 ; gain = 89.531 ; free physical = 2767 ; free virtual = 19632
---------------------------------------------------------------------------------
---------------------------------------------------------------------------------
Finished RTL Optimization Phase 2 : Time (s): cpu = 00:00:04 ; elapsed = 00:00:06 . Memory (MB): peak = 1451.543 ; gain = 97.539 ; free physical = 2762 ; free virtual = 19627
---------------------------------------------------------------------------------

Report RTL Partitions: 
+-+--------------+------------+----------+
| |RTL Partition |Replication |Instances |
+-+--------------+------------+----------+
+-+--------------+------------+----------+
No constraint files found.
---------------------------------------------------------------------------------
Start RTL Component Statistics 
---------------------------------------------------------------------------------
Detailed RTL Component Info : 
---------------------------------------------------------------------------------
Finished RTL Component Statistics 
---------------------------------------------------------------------------------
---------------------------------------------------------------------------------
Start RTL Hierarchical Component Statistics 
---------------------------------------------------------------------------------
Hierarchical RTL Component report 
---------------------------------------------------------------------------------
Finished RTL Hierarchical Component Statistics
---------------------------------------------------------------------------------
---------------------------------------------------------------------------------
Start Part Resource Summary
---------------------------------------------------------------------------------
Part Resources:
DSPs: 240 (col length:80)
BRAMs: 270 (col length: RAMB18 80 RAMB36 40)
---------------------------------------------------------------------------------
Finished Part Resource Summary
---------------------------------------------------------------------------------
No constraint files found.
---------------------------------------------------------------------------------
Start Cross Boundary and Area Optimization
---------------------------------------------------------------------------------
Warning: Parallel synthesis criteria is not met 
WARNING: [Synth 8-3331] design design_1_prog_mem_0_0 has unconnected port ins_addr[15]
WARNING: [Synth 8-3331] design design_1_prog_mem_0_0 has unconnected port ins_addr[14]
WARNING: [Synth 8-3331] design design_1_prog_mem_0_0 has unconnected port ins_addr[13]
WARNING: [Synth 8-3331] design design_1_prog_mem_0_0 has unconnected port ins_addr[12]
WARNING: [Synth 8-3331] design design_1_prog_mem_0_0 has unconnected port ins_addr[11]
WARNING: [Synth 8-3331] design design_1_prog_mem_0_0 has unconnected port ins_addr[10]
WARNING: [Synth 8-3331] design design_1_prog_mem_0_0 has unconnected port prog_addr[15]
WARNING: [Synth 8-3331] design design_1_prog_mem_0_0 has unconnected port prog_addr[14]
WARNING: [Synth 8-3331] design design_1_prog_mem_0_0 has unconnected port prog_addr[13]
WARNING: [Synth 8-3331] design design_1_prog_mem_0_0 has unconnected port prog_addr[12]
WARNING: [Synth 8-3331] design design_1_prog_mem_0_0 has unconnected port prog_addr[11]
WARNING: [Synth 8-3331] design design_1_prog_mem_0_0 has unconnected port prog_addr[10]
---------------------------------------------------------------------------------
Finished Cross Boundary and Area Optimization : Time (s): cpu = 00:00:06 ; elapsed = 00:00:09 . Memory (MB): peak = 1578.910 ; gain = 224.906 ; free physical = 2333 ; free virtual = 19203
---------------------------------------------------------------------------------
---------------------------------------------------------------------------------
Start ROM, RAM, DSP and Shift Register Reporting
---------------------------------------------------------------------------------

Distributed RAM: Preliminary Mapping  Report (see note below)
+----------------------+------------+-----------+----------------------+------------------------------+
|Module Name           | RTL Object | Inference | Size (Depth x Width) | Primitives                   | 
+----------------------+------------+-----------+----------------------+------------------------------+
|design_1_prog_mem_0_0 | U0/mem_reg | Implied   | 1 K x 16             | RAM64X1D x 16  RAM64M x 80   | 
+----------------------+------------+-----------+----------------------+------------------------------+

Note: The table above is a preliminary report that shows the Distributed RAMs at the current stage of the synthesis flow. Some Distributed RAMs may be reimplemented as non Distributed RAM primitives later in the synthesis flow. Multiple instantiated RAMs are reported only once.
---------------------------------------------------------------------------------
Finished ROM, RAM, DSP and Shift Register Reporting
---------------------------------------------------------------------------------

Report RTL Partitions: 
+-+--------------+------------+----------+
| |RTL Partition |Replication |Instances |
+-+--------------+------------+----------+
+-+--------------+------------+----------+
No constraint files found.
---------------------------------------------------------------------------------
Start Timing Optimization
---------------------------------------------------------------------------------
---------------------------------------------------------------------------------
Finished Timing Optimization : Time (s): cpu = 00:00:06 ; elapsed = 00:00:09 . Memory (MB): peak = 1578.910 ; gain = 224.906 ; free physical = 2377 ; free virtual = 19246
---------------------------------------------------------------------------------
---------------------------------------------------------------------------------
Start ROM, RAM, DSP and Shift Register Reporting
---------------------------------------------------------------------------------

Distributed RAM: Final Mapping  Report
+----------------------+------------+-----------+----------------------+------------------------------+
|Module Name           | RTL Object | Inference | Size (Depth x Width) | Primitives                   | 
+----------------------+------------+-----------+----------------------+------------------------------+
|design_1_prog_mem_0_0 | U0/mem_reg | Implied   | 1 K x 16             | RAM64X1D x 16  RAM64M x 80   | 
+----------------------+------------+-----------+----------------------+------------------------------+

---------------------------------------------------------------------------------
Finished ROM, RAM, DSP and Shift Register Reporting
---------------------------------------------------------------------------------

Report RTL Partitions: 
+-+--------------+------------+----------+
| |RTL Partition |Replication |Instances |
+-+--------------+------------+----------+
+-+--------------+------------+----------+
---------------------------------------------------------------------------------
Start Technology Mapping
---------------------------------------------------------------------------------
---------------------------------------------------------------------------------
Finished Technology Mapping : Time (s): cpu = 00:00:07 ; elapsed = 00:00:09 . Memory (MB): peak = 1578.910 ; gain = 224.906 ; free physical = 2375 ; free virtual = 19248
---------------------------------------------------------------------------------

Report RTL Partitions: 
+-+--------------+------------+----------+
| |RTL Partition |Replication |Instances |
+-+--------------+------------+----------+
+-+--------------+------------+----------+
---------------------------------------------------------------------------------
Start IO Insertion
---------------------------------------------------------------------------------
---------------------------------------------------------------------------------
Start Flattening Before IO Insertion
---------------------------------------------------------------------------------
---------------------------------------------------------------------------------
Finished Flattening Before IO Insertion
---------------------------------------------------------------------------------
---------------------------------------------------------------------------------
Start Final Netlist Cleanup
---------------------------------------------------------------------------------
---------------------------------------------------------------------------------
Finished Final Netlist Cleanup
---------------------------------------------------------------------------------
---------------------------------------------------------------------------------
Finished IO Insertion : Time (s): cpu = 00:00:07 ; elapsed = 00:00:10 . Memory (MB): peak = 1578.910 ; gain = 224.906 ; free physical = 2312 ; free virtual = 19188
---------------------------------------------------------------------------------

Report Check Netlist: 
+------+------------------+-------+---------+-------+------------------+
|      |Item              |Errors |Warnings |Status |Description       |
+------+------------------+-------+---------+-------+------------------+
|1     |multi_driven_nets |      0|        0|Passed |Multi driven nets |
+------+------------------+-------+---------+-------+------------------+
---------------------------------------------------------------------------------
Start Renaming Generated Instances
---------------------------------------------------------------------------------
---------------------------------------------------------------------------------
Finished Renaming Generated Instances : Time (s): cpu = 00:00:07 ; elapsed = 00:00:10 . Memory (MB): peak = 1578.910 ; gain = 224.906 ; free physical = 2311 ; free virtual = 19187
---------------------------------------------------------------------------------

Report RTL Partitions: 
+-+--------------+------------+----------+
| |RTL Partition |Replication |Instances |
+-+--------------+------------+----------+
+-+--------------+------------+----------+
---------------------------------------------------------------------------------
Start Rebuilding User Hierarchy
---------------------------------------------------------------------------------
---------------------------------------------------------------------------------
Finished Rebuilding User Hierarchy : Time (s): cpu = 00:00:07 ; elapsed = 00:00:10 . Memory (MB): peak = 1578.910 ; gain = 224.906 ; free physical = 2309 ; free virtual = 19185
---------------------------------------------------------------------------------
---------------------------------------------------------------------------------
Start Renaming Generated Ports
---------------------------------------------------------------------------------
---------------------------------------------------------------------------------
Finished Renaming Generated Ports : Time (s): cpu = 00:00:07 ; elapsed = 00:00:10 . Memory (MB): peak = 1578.910 ; gain = 224.906 ; free physical = 2308 ; free virtual = 19185
---------------------------------------------------------------------------------
---------------------------------------------------------------------------------
Start Handling Custom Attributes
---------------------------------------------------------------------------------
---------------------------------------------------------------------------------
Finished Handling Custom Attributes : Time (s): cpu = 00:00:07 ; elapsed = 00:00:10 . Memory (MB): peak = 1578.910 ; gain = 224.906 ; free physical = 2308 ; free virtual = 19184
---------------------------------------------------------------------------------
---------------------------------------------------------------------------------
Start Renaming Generated Nets
---------------------------------------------------------------------------------
---------------------------------------------------------------------------------
Finished Renaming Generated Nets : Time (s): cpu = 00:00:07 ; elapsed = 00:00:10 . Memory (MB): peak = 1578.910 ; gain = 224.906 ; free physical = 2307 ; free virtual = 19184
---------------------------------------------------------------------------------
---------------------------------------------------------------------------------
Start Writing Synthesis Report
---------------------------------------------------------------------------------

Report BlackBoxes: 
+-+--------------+----------+
| |BlackBox name |Instances |
+-+--------------+----------+
+-+--------------+----------+

Report Cell Usage: 
+------+---------+------+
|      |Cell     |Count |
+------+---------+------+
|1     |LUT5     |    16|
|2     |LUT6     |    64|
|3     |MUXF7    |    32|
|4     |MUXF8    |    16|
|5     |RAM64M   |    80|
|6     |RAM64X1D |    16|
+------+---------+------+

Report Instance Areas: 
+------+---------+---------+------+
|      |Instance |Module   |Cells |
+------+---------+---------+------+
|1     |top      |         |   224|
|2     |  U0     |prog_mem |   224|
+------+---------+---------+------+
---------------------------------------------------------------------------------
Finished Writing Synthesis Report : Time (s): cpu = 00:00:07 ; elapsed = 00:00:10 . Memory (MB): peak = 1578.910 ; gain = 224.906 ; free physical = 2307 ; free virtual = 19184
---------------------------------------------------------------------------------
Synthesis finished with 0 errors, 0 critical warnings and 24 warnings.
Synthesis Optimization Runtime : Time (s): cpu = 00:00:07 ; elapsed = 00:00:10 . Memory (MB): peak = 1578.910 ; gain = 224.906 ; free physical = 2306 ; free virtual = 19183
Synthesis Optimization Complete : Time (s): cpu = 00:00:07 ; elapsed = 00:00:10 . Memory (MB): peak = 1578.918 ; gain = 224.906 ; free physical = 2305 ; free virtual = 19183
INFO: [Project 1-571] Translating synthesized netlist
INFO: [Netlist 29-17] Analyzing 144 Unisim elements for replacement
INFO: [Netlist 29-28] Unisim Transformation completed in 0 CPU seconds
INFO: [Project 1-570] Preparing netlist for logic optimization
INFO: [Opt 31-138] Pushed 0 inverter(s) to 0 load pin(s).
Netlist sorting complete. Time (s): cpu = 00:00:00 ; elapsed = 00:00:00 . Memory (MB): peak = 1653.910 ; gain = 0.000 ; free physical = 2092 ; free virtual = 18963
INFO: [Project 1-111] Unisim Transformation Summary:
  A total of 96 instances were transformed.
  RAM64M => RAM64M (RAMD64E, RAMD64E, RAMD64E, RAMD64E): 80 instances
  RAM64X1D => RAM64X1D (RAMD64E, RAMD64E): 16 instances

INFO: [Common 17-83] Releasing license: Synthesis
17 Infos, 24 Warnings, 0 Critical Warnings and 0 Errors encountered.
synth_design completed successfully
synth_design: Time (s): cpu = 00:00:10 ; elapsed = 00:00:12 . Memory (MB): peak = 1653.910 ; gain = 300.125 ; free physical = 2136 ; free virtual = 19008
Netlist sorting complete. Time (s): cpu = 00:00:00 ; elapsed = 00:00:00 . Memory (MB): peak = 1653.910 ; gain = 0.000 ; free physical = 2136 ; free virtual = 19008
WARNING: [Constraints 18-5210] No constraints selected for write.
Resolution: This message can indicate that there are no constraints for the design, or it can indicate that the used_in flags are set such that the constraints are ignored. This later case is used when running synth_design to not write synthesis constraints to the resulting checkpoint. Instead, project constraints are read when the synthesized design is opened.
INFO: [Timing 38-35] Done setting XDC timing constraints.
INFO: [Common 17-1381] The checkpoint '/home/rootie/Documents/comp-arc/shell_imp/shell_imp.runs/design_1_prog_mem_0_0_synth_1/design_1_prog_mem_0_0.dcp' has been generated.
write_checkpoint: Time (s): cpu = 00:00:08 ; elapsed = 00:00:08 . Memory (MB): peak = 2167.453 ; gain = 513.543 ; free physical = 921 ; free virtual = 17793
Netlist sorting complete. Time (s): cpu = 00:00:00 ; elapsed = 00:00:00 . Memory (MB): peak = 2167.453 ; gain = 0.000 ; free physical = 932 ; free virtual = 17804
WARNING: [Constraints 18-5210] No constraints selected for write.
Resolution: This message can indicate that there are no constraints for the design, or it can indicate that the used_in flags are set such that the constraints are ignored. This later case is used when running synth_design to not write synthesis constraints to the resulting checkpoint. Instead, project constraints are read when the synthesized design is opened.
INFO: [Common 17-1381] The checkpoint '/home/rootie/Documents/comp-arc/shell_imp/shell_imp.runs/design_1_prog_mem_0_0_synth_1/design_1_prog_mem_0_0.dcp' has been generated.
INFO: [runtcl-4] Executing : report_utilization -file design_1_prog_mem_0_0_utilization_synth.rpt -pb design_1_prog_mem_0_0_utilization_synth.pb
INFO: [Common 17-206] Exiting Vivado at Tue Oct  6 19:38:37 2020...
